<?xml version="1.0" encoding="UTF-8"?>
<robot generator="Robot 4.0.3 (Python 3.9.6 on win32)" generated="20210901 23:46:23.523" rpa="false" schemaversion="2">
<suite id="s1" name="Busca" source="C:\Users\Maicon Gabriel\Documents\Codigos\Robot\busca\Tests\Busca.robot">
<test id="s1-t1" name="WorkFlow Deve Buscar um único Restaurante">
<kw name="Start Session" library="Base" type="SETUP">
<kw name="New Browser" library="Browser">
<arg>${NAVEGATOR}</arg>
<arg>True</arg>
<tag>BrowserControl</tag>
<tag>Setter</tag>
<doc>Create a new playwright Browser with specified options.
See `Browser, Context and Page` for more information about Browser and related concepts.</doc>
<msg timestamp="20210901 23:46:24.214" level="INFO">{"browser": "chromium", "headless": true, "handleSIGINT": true, "handleSIGTERM": true, "handleSIGHUP": true, "timeout": 30000.0, "devtools": false, "slowMo": 0.0, "tracesDir": "C:\\Users\\Maicon Gabriel\\Documents\\Codigos\\Robot\\busca\\Results\\browser\\traces\\e9302c02-4900-443c-978a-691ca6512d9a"}</msg>
<msg timestamp="20210901 23:46:24.419" level="INFO">Successfully created browser with options: {"browser":"chromium","headless":true,"handleSIGINT":true,"handleSIGTERM":true,"handleSIGHUP":true,"timeout":30000,"devtools":false,"slowMo":0,"tracesDir":"C:\\Users\\Maicon Gabriel\\Documents\\Codigos\\Robot\\busca\\Results\\browser\\traces\\e9302c02-4900-443c-978a-691ca6512d9a"}</msg>
<status status="PASS" starttime="20210901 23:46:24.213" endtime="20210901 23:46:24.419"/>
</kw>
<kw name="New Page" library="Browser">
<arg>${URL}</arg>
<tag>BrowserControl</tag>
<tag>Setter</tag>
<doc>Open a new Page. A Page is the Playwright equivalent to a tab.
See `Browser, Context and Page` for more information about Page concept.
Returns a stable identifier for the created page.</doc>
<msg timestamp="20210901 23:46:27.012" level="INFO">Successfully initialized new page object and opened url: http://parodifood.qaninja.academy/</msg>
<msg timestamp="20210901 23:46:27.012" level="INFO">No context was open. New context was automatically opened when this page is created.</msg>
<status status="PASS" starttime="20210901 23:46:24.419" endtime="20210901 23:46:27.012"/>
</kw>
<kw name="Get Text" library="Browser">
<arg>css=span</arg>
<arg>Contains</arg>
<arg>Nunca foi tão engraçado pedir comida</arg>
<tag>Assertion</tag>
<tag>Getter</tag>
<tag>PageContent</tag>
<doc>Returns text attribute of the element found by ``selector``.
See the `Finding elements` section for details about the selectors.</doc>
<status status="PASS" starttime="20210901 23:46:27.012" endtime="20210901 23:46:27.049"/>
</kw>
<status status="PASS" starttime="20210901 23:46:24.213" endtime="20210901 23:46:27.049"/>
</kw>
<kw name="Go To Restaurants" library="Search">
<kw name="Click" library="Browser">
<arg>text=Estou Com fome!</arg>
<tag>PageContent</tag>
<tag>Setter</tag>
<doc>Simulates mouse click on the element found by ``selector``.</doc>
<status status="PASS" starttime="20210901 23:46:27.050" endtime="20210901 23:46:27.102"/>
</kw>
<kw name="Get Text" library="Browser">
<arg>css=h1 strong</arg>
<arg>contains</arg>
<arg>Ta na hora de matar a fome!</arg>
<tag>Assertion</tag>
<tag>Getter</tag>
<tag>PageContent</tag>
<doc>Returns text attribute of the element found by ``selector``.
See the `Finding elements` section for details about the selectors.</doc>
<status status="PASS" starttime="20210901 23:46:27.102" endtime="20210901 23:46:27.113"/>
</kw>
<status status="PASS" starttime="20210901 23:46:27.050" endtime="20210901 23:46:27.113"/>
</kw>
<kw name="Search By" library="Search">
<arg>Debuger</arg>
<kw name="Click" library="Browser">
<arg>css=.search-link</arg>
<tag>PageContent</tag>
<tag>Setter</tag>
<doc>Simulates mouse click on the element found by ``selector``.</doc>
<status status="PASS" starttime="20210901 23:46:27.114" endtime="20210901 23:46:27.145"/>
</kw>
<kw name="Fill Text" library="Browser">
<arg>css=input[formcontrolname="searchControl"]</arg>
<arg>${Value}</arg>
<tag>PageContent</tag>
<tag>Setter</tag>
<doc>Clears and fills the given ``text`` into the text field found by ``selector``.</doc>
<msg timestamp="20210901 23:46:27.145" level="INFO">Fills the text 'Debuger' in the given field.</msg>
<status status="PASS" starttime="20210901 23:46:27.145" endtime="20210901 23:46:27.156"/>
</kw>
<status status="PASS" starttime="20210901 23:46:27.114" endtime="20210901 23:46:27.156"/>
</kw>
<kw name="Restaurant Should Be Visible" library="Search">
<arg>DEBUGER KING</arg>
<kw name="Wait For Elements State" library="Browser">
<arg>${DIV_BOX_RESTAURANT}</arg>
<arg>visible</arg>
<arg>10</arg>
<tag>PageContent</tag>
<tag>Wait</tag>
<doc>Waits for the element found by ``selector`` to satisfy state option.</doc>
<msg timestamp="20210901 23:46:28.324" level="INFO">Wait for Element with selector: css=div[class="place-info-box"][style="opacity: 1;"]</msg>
<status status="PASS" starttime="20210901 23:46:27.157" endtime="20210901 23:46:28.324"/>
</kw>
<kw name="Get Text" library="Browser">
<arg>${DIV_BOX_RESTAURANT}</arg>
<arg>Contains</arg>
<arg>${Name}</arg>
<tag>Assertion</tag>
<tag>Getter</tag>
<tag>PageContent</tag>
<doc>Returns text attribute of the element found by ``selector``.
See the `Finding elements` section for details about the selectors.</doc>
<status status="PASS" starttime="20210901 23:46:28.324" endtime="20210901 23:46:28.333"/>
</kw>
<status status="PASS" starttime="20210901 23:46:27.157" endtime="20210901 23:46:28.333"/>
</kw>
<kw name="Restaurant Count Should Be" library="Search">
<arg>1</arg>
<kw name="Wait For Elements State" library="Browser">
<arg>${DIV_BOX_RESTAURANT}</arg>
<arg>visible</arg>
<arg>10</arg>
<tag>PageContent</tag>
<tag>Wait</tag>
<doc>Waits for the element found by ``selector`` to satisfy state option.</doc>
<msg timestamp="20210901 23:46:28.339" level="INFO">Wait for Element with selector: css=div[class="place-info-box"][style="opacity: 1;"]</msg>
<status status="PASS" starttime="20210901 23:46:28.334" endtime="20210901 23:46:28.339"/>
</kw>
<kw name="Get Element Count" library="Browser">
<arg>${DIV_BOX_RESTAURANT}</arg>
<arg>equal</arg>
<arg>${Qtd}</arg>
<tag>Assertion</tag>
<tag>Getter</tag>
<tag>PageContent</tag>
<doc>Returns the count of elements found with ``selector``.</doc>
<status status="PASS" starttime="20210901 23:46:28.340" endtime="20210901 23:46:28.345"/>
</kw>
<status status="PASS" starttime="20210901 23:46:28.334" endtime="20210901 23:46:28.345"/>
</kw>
<kw name="Take Screenshot" library="Browser" type="TEARDOWN">
<tag>PageContent</tag>
<doc>Takes a screenshot of the current window and saves it.</doc>
<msg timestamp="20210901 23:46:28.420" level="INFO" html="true">&lt;/td&gt;&lt;/tr&gt;&lt;tr&gt;&lt;td colspan="3"&gt;&lt;a href="browser/screenshot/robotframework-browser-screenshot-1.png"&gt;&lt;img src="browser/screenshot/robotframework-browser-screenshot-1.png" width="800px"&gt;&lt;/a&gt;</msg>
<status status="PASS" starttime="20210901 23:46:28.345" endtime="20210901 23:46:28.420"/>
</kw>
<status status="PASS" starttime="20210901 23:46:24.209" endtime="20210901 23:46:28.420"/>
</test>
<test id="s1-t2" name="Workflow Deve Buscar por categoria">
<kw name="Start Session" library="Base" type="SETUP">
<kw name="New Browser" library="Browser">
<arg>${NAVEGATOR}</arg>
<arg>True</arg>
<tag>BrowserControl</tag>
<tag>Setter</tag>
<doc>Create a new playwright Browser with specified options.
See `Browser, Context and Page` for more information about Browser and related concepts.</doc>
<msg timestamp="20210901 23:46:28.443" level="INFO">{"browser": "chromium", "headless": true, "handleSIGINT": true, "handleSIGTERM": true, "handleSIGHUP": true, "timeout": 30000.0, "devtools": false, "slowMo": 0.0, "tracesDir": "C:\\Users\\Maicon Gabriel\\Documents\\Codigos\\Robot\\busca\\Results\\browser\\traces\\5659925e-f75a-4e79-955f-a8eceeb5f02b"}</msg>
<msg timestamp="20210901 23:46:28.629" level="INFO">Successfully created browser with options: {"browser":"chromium","headless":true,"handleSIGINT":true,"handleSIGTERM":true,"handleSIGHUP":true,"timeout":30000,"devtools":false,"slowMo":0,"tracesDir":"C:\\Users\\Maicon Gabriel\\Documents\\Codigos\\Robot\\busca\\Results\\browser\\traces\\5659925e-f75a-4e79-955f-a8eceeb5f02b"}</msg>
<status status="PASS" starttime="20210901 23:46:28.443" endtime="20210901 23:46:28.629"/>
</kw>
<kw name="New Page" library="Browser">
<arg>${URL}</arg>
<tag>BrowserControl</tag>
<tag>Setter</tag>
<doc>Open a new Page. A Page is the Playwright equivalent to a tab.
See `Browser, Context and Page` for more information about Page concept.
Returns a stable identifier for the created page.</doc>
<msg timestamp="20210901 23:46:30.527" level="INFO">Successfully initialized new page object and opened url: http://parodifood.qaninja.academy/</msg>
<msg timestamp="20210901 23:46:30.527" level="INFO">No context was open. New context was automatically opened when this page is created.</msg>
<status status="PASS" starttime="20210901 23:46:28.639" endtime="20210901 23:46:30.527"/>
</kw>
<kw name="Get Text" library="Browser">
<arg>css=span</arg>
<arg>Contains</arg>
<arg>Nunca foi tão engraçado pedir comida</arg>
<tag>Assertion</tag>
<tag>Getter</tag>
<tag>PageContent</tag>
<doc>Returns text attribute of the element found by ``selector``.
See the `Finding elements` section for details about the selectors.</doc>
<status status="PASS" starttime="20210901 23:46:30.527" endtime="20210901 23:46:30.554"/>
</kw>
<status status="PASS" starttime="20210901 23:46:28.443" endtime="20210901 23:46:30.554"/>
</kw>
<kw name="Go To Restaurants" library="Search">
<kw name="Click" library="Browser">
<arg>text=Estou Com fome!</arg>
<tag>PageContent</tag>
<tag>Setter</tag>
<doc>Simulates mouse click on the element found by ``selector``.</doc>
<status status="PASS" starttime="20210901 23:46:30.555" endtime="20210901 23:46:30.602"/>
</kw>
<kw name="Get Text" library="Browser">
<arg>css=h1 strong</arg>
<arg>contains</arg>
<arg>Ta na hora de matar a fome!</arg>
<tag>Assertion</tag>
<tag>Getter</tag>
<tag>PageContent</tag>
<doc>Returns text attribute of the element found by ``selector``.
See the `Finding elements` section for details about the selectors.</doc>
<status status="PASS" starttime="20210901 23:46:30.602" endtime="20210901 23:46:30.613"/>
</kw>
<status status="PASS" starttime="20210901 23:46:30.555" endtime="20210901 23:46:30.613"/>
</kw>
<kw name="Search By" library="Search">
<arg>Cafe</arg>
<kw name="Click" library="Browser">
<arg>css=.search-link</arg>
<tag>PageContent</tag>
<tag>Setter</tag>
<doc>Simulates mouse click on the element found by ``selector``.</doc>
<status status="PASS" starttime="20210901 23:46:30.614" endtime="20210901 23:46:30.644"/>
</kw>
<kw name="Fill Text" library="Browser">
<arg>css=input[formcontrolname="searchControl"]</arg>
<arg>${Value}</arg>
<tag>PageContent</tag>
<tag>Setter</tag>
<doc>Clears and fills the given ``text`` into the text field found by ``selector``.</doc>
<msg timestamp="20210901 23:46:30.644" level="INFO">Fills the text 'Cafe' in the given field.</msg>
<status status="PASS" starttime="20210901 23:46:30.644" endtime="20210901 23:46:30.656"/>
</kw>
<status status="PASS" starttime="20210901 23:46:30.614" endtime="20210901 23:46:30.657"/>
</kw>
<kw name="Restaurant Should Be Visible" library="Search">
<arg>STARBUGS COFFEE</arg>
<kw name="Wait For Elements State" library="Browser">
<arg>${DIV_BOX_RESTAURANT}</arg>
<arg>visible</arg>
<arg>10</arg>
<tag>PageContent</tag>
<tag>Wait</tag>
<doc>Waits for the element found by ``selector`` to satisfy state option.</doc>
<msg timestamp="20210901 23:46:31.673" level="INFO">Wait for Element with selector: css=div[class="place-info-box"][style="opacity: 1;"]</msg>
<status status="PASS" starttime="20210901 23:46:30.657" endtime="20210901 23:46:31.673"/>
</kw>
<kw name="Get Text" library="Browser">
<arg>${DIV_BOX_RESTAURANT}</arg>
<arg>Contains</arg>
<arg>${Name}</arg>
<tag>Assertion</tag>
<tag>Getter</tag>
<tag>PageContent</tag>
<doc>Returns text attribute of the element found by ``selector``.
See the `Finding elements` section for details about the selectors.</doc>
<status status="PASS" starttime="20210901 23:46:31.673" endtime="20210901 23:46:31.683"/>
</kw>
<status status="PASS" starttime="20210901 23:46:30.657" endtime="20210901 23:46:31.683"/>
</kw>
<kw name="Take Screenshot" library="Browser" type="TEARDOWN">
<tag>PageContent</tag>
<doc>Takes a screenshot of the current window and saves it.</doc>
<msg timestamp="20210901 23:46:31.768" level="INFO" html="true">&lt;/td&gt;&lt;/tr&gt;&lt;tr&gt;&lt;td colspan="3"&gt;&lt;a href="browser/screenshot/robotframework-browser-screenshot-2.png"&gt;&lt;img src="browser/screenshot/robotframework-browser-screenshot-2.png" width="800px"&gt;&lt;/a&gt;</msg>
<status status="PASS" starttime="20210901 23:46:31.683" endtime="20210901 23:46:31.768"/>
</kw>
<status status="PASS" starttime="20210901 23:46:28.441" endtime="20210901 23:46:31.768"/>
</test>
<test id="s1-t3" name="Workflow Deve Buscar todos os restaurantes">
<kw name="Start Session" library="Base" type="SETUP">
<kw name="New Browser" library="Browser">
<arg>${NAVEGATOR}</arg>
<arg>True</arg>
<tag>BrowserControl</tag>
<tag>Setter</tag>
<doc>Create a new playwright Browser with specified options.
See `Browser, Context and Page` for more information about Browser and related concepts.</doc>
<msg timestamp="20210901 23:46:31.788" level="INFO">{"browser": "chromium", "headless": true, "handleSIGINT": true, "handleSIGTERM": true, "handleSIGHUP": true, "timeout": 30000.0, "devtools": false, "slowMo": 0.0, "tracesDir": "C:\\Users\\Maicon Gabriel\\Documents\\Codigos\\Robot\\busca\\Results\\browser\\traces\\30ee44e5-baf6-4b58-8106-2775df1527ec"}</msg>
<msg timestamp="20210901 23:46:31.980" level="INFO">Successfully created browser with options: {"browser":"chromium","headless":true,"handleSIGINT":true,"handleSIGTERM":true,"handleSIGHUP":true,"timeout":30000,"devtools":false,"slowMo":0,"tracesDir":"C:\\Users\\Maicon Gabriel\\Documents\\Codigos\\Robot\\busca\\Results\\browser\\traces\\30ee44e5-baf6-4b58-8106-2775df1527ec"}</msg>
<status status="PASS" starttime="20210901 23:46:31.788" endtime="20210901 23:46:31.980"/>
</kw>
<kw name="New Page" library="Browser">
<arg>${URL}</arg>
<tag>BrowserControl</tag>
<tag>Setter</tag>
<doc>Open a new Page. A Page is the Playwright equivalent to a tab.
See `Browser, Context and Page` for more information about Page concept.
Returns a stable identifier for the created page.</doc>
<msg timestamp="20210901 23:46:34.133" level="INFO">Successfully initialized new page object and opened url: http://parodifood.qaninja.academy/</msg>
<msg timestamp="20210901 23:46:34.133" level="INFO">No context was open. New context was automatically opened when this page is created.</msg>
<status status="PASS" starttime="20210901 23:46:31.980" endtime="20210901 23:46:34.133"/>
</kw>
<kw name="Get Text" library="Browser">
<arg>css=span</arg>
<arg>Contains</arg>
<arg>Nunca foi tão engraçado pedir comida</arg>
<tag>Assertion</tag>
<tag>Getter</tag>
<tag>PageContent</tag>
<doc>Returns text attribute of the element found by ``selector``.
See the `Finding elements` section for details about the selectors.</doc>
<status status="PASS" starttime="20210901 23:46:34.133" endtime="20210901 23:46:34.162"/>
</kw>
<status status="PASS" starttime="20210901 23:46:31.787" endtime="20210901 23:46:34.162"/>
</kw>
<kw name="Go To Restaurants" library="Search">
<kw name="Click" library="Browser">
<arg>text=Estou Com fome!</arg>
<tag>PageContent</tag>
<tag>Setter</tag>
<doc>Simulates mouse click on the element found by ``selector``.</doc>
<status status="PASS" starttime="20210901 23:46:34.163" endtime="20210901 23:46:34.217"/>
</kw>
<kw name="Get Text" library="Browser">
<arg>css=h1 strong</arg>
<arg>contains</arg>
<arg>Ta na hora de matar a fome!</arg>
<tag>Assertion</tag>
<tag>Getter</tag>
<tag>PageContent</tag>
<doc>Returns text attribute of the element found by ``selector``.
See the `Finding elements` section for details about the selectors.</doc>
<status status="PASS" starttime="20210901 23:46:34.217" endtime="20210901 23:46:34.228"/>
</kw>
<status status="PASS" starttime="20210901 23:46:34.162" endtime="20210901 23:46:34.228"/>
</kw>
<kw name="Search By" library="Search">
<arg>A</arg>
<kw name="Click" library="Browser">
<arg>css=.search-link</arg>
<tag>PageContent</tag>
<tag>Setter</tag>
<doc>Simulates mouse click on the element found by ``selector``.</doc>
<status status="PASS" starttime="20210901 23:46:34.228" endtime="20210901 23:46:34.260"/>
</kw>
<kw name="Fill Text" library="Browser">
<arg>css=input[formcontrolname="searchControl"]</arg>
<arg>${Value}</arg>
<tag>PageContent</tag>
<tag>Setter</tag>
<doc>Clears and fills the given ``text`` into the text field found by ``selector``.</doc>
<msg timestamp="20210901 23:46:34.261" level="INFO">Fills the text 'A' in the given field.</msg>
<status status="PASS" starttime="20210901 23:46:34.261" endtime="20210901 23:46:34.271"/>
</kw>
<status status="PASS" starttime="20210901 23:46:34.228" endtime="20210901 23:46:34.271"/>
</kw>
<kw name="Restaurant Count Should Be" library="Search">
<arg>5</arg>
<kw name="Wait For Elements State" library="Browser">
<arg>${DIV_BOX_RESTAURANT}</arg>
<arg>visible</arg>
<arg>10</arg>
<tag>PageContent</tag>
<tag>Wait</tag>
<doc>Waits for the element found by ``selector`` to satisfy state option.</doc>
<msg timestamp="20210901 23:46:35.257" level="INFO">Wait for Element with selector: css=div[class="place-info-box"][style="opacity: 1;"]</msg>
<status status="PASS" starttime="20210901 23:46:34.272" endtime="20210901 23:46:35.257"/>
</kw>
<kw name="Get Element Count" library="Browser">
<arg>${DIV_BOX_RESTAURANT}</arg>
<arg>equal</arg>
<arg>${Qtd}</arg>
<tag>Assertion</tag>
<tag>Getter</tag>
<tag>PageContent</tag>
<doc>Returns the count of elements found with ``selector``.</doc>
<status status="PASS" starttime="20210901 23:46:35.257" endtime="20210901 23:46:35.263"/>
</kw>
<status status="PASS" starttime="20210901 23:46:34.271" endtime="20210901 23:46:35.263"/>
</kw>
<kw name="Take Screenshot" library="Browser" type="TEARDOWN">
<tag>PageContent</tag>
<doc>Takes a screenshot of the current window and saves it.</doc>
<msg timestamp="20210901 23:46:35.345" level="INFO" html="true">&lt;/td&gt;&lt;/tr&gt;&lt;tr&gt;&lt;td colspan="3"&gt;&lt;a href="browser/screenshot/robotframework-browser-screenshot-3.png"&gt;&lt;img src="browser/screenshot/robotframework-browser-screenshot-3.png" width="800px"&gt;&lt;/a&gt;</msg>
<status status="PASS" starttime="20210901 23:46:35.263" endtime="20210901 23:46:35.345"/>
</kw>
<status status="PASS" starttime="20210901 23:46:31.786" endtime="20210901 23:46:35.346"/>
</test>
<status status="PASS" starttime="20210901 23:46:23.523" endtime="20210901 23:46:35.360"/>
</suite>
<statistics>
<total>
<stat pass="3" fail="0" skip="0">All Tests</stat>
</total>
<tag>
</tag>
<suite>
<stat pass="3" fail="0" skip="0" id="s1" name="Busca">Busca</stat>
</suite>
</statistics>
<errors>
</errors>
</robot>
